\BOOKMARK [1][-]{section*.1}{\376\377\000C\000o\000n\000d\000i\000t\000i\000o\000n\000a\000l\000\040\000v\000.\000\040\000M\000a\000r\000g\000i\000n\000a\000l\000\040\000D\000i\000s\000t\000r\000i\000b\000u\000t\000i\000o\000n}{}% 1
\BOOKMARK [1][-]{section*.2}{\376\377\000L\000e\000a\000s\000t\000\040\000S\000q\000u\000a\000r\000e\000s}{}% 2
\BOOKMARK [2][-]{section*.3}{\376\377\000P\000r\000o\000p\000e\000r\000t\000i\000e\000s}{section*.2}% 3
\BOOKMARK [1][-]{section*.4}{\376\377\000C\000o\000r\000r\000e\000l\000a\000t\000i\000o\000n\000\040\000a\000n\000d\000\040\000C\000o\000v\000a\000r\000i\000a\000n\000c\000e}{}% 4
\BOOKMARK [1][-]{section*.5}{\376\377\000S\000i\000m\000p\000l\000e\000\040\000L\000i\000n\000e\000a\000r\000\040\000R\000e\000g\000r\000e\000s\000s\000i\000o\000n\000\040\000M\000o\000d\000e\000l}{}% 5
\BOOKMARK [1][-]{section*.6}{\376\377\000S\000a\000m\000p\000l\000i\000n\000g\000\040\000d\000i\000s\000t\000r\000i\000b\000u\000t\000i\000o\000n}{}% 6
\BOOKMARK [2][-]{section*.7}{\376\377\000F\000o\000r\000\040\000\040\000b\0001\000\040\000\040}{section*.6}% 7
\BOOKMARK [2][-]{section*.8}{\376\377\000F\000o\000r\000\040\000\040\000b\0000\000\040\000\040}{section*.6}% 8
\BOOKMARK [2][-]{section*.9}{\376\377\000J\000o\000i\000n\000t\000\040\000d\000i\000s\000t\000r\000i\000b\000u\000t\000i\000o\000n\000\040\000o\000f\000\040\000\040\000b\0000\000\040\000\040\000a\000n\000d\000\040\000\040\000b\0001\000\040\000\040}{section*.6}% 9
\BOOKMARK [1][-]{section*.10}{\376\377\000E\000s\000t\000i\000m\000a\000t\000i\000o\000n\000\040\000o\000f\000\040\000e\000r\000r\000o\000r\000\040\000v\000a\000r\000i\000a\000n\000c\000e}{}% 10
\BOOKMARK [1][-]{section*.11}{\376\377\000T\000e\000s\000t\000i\000n\000g}{}% 11
\BOOKMARK [2][-]{section*.12}{\376\377\000P\000-\000v\000a\000l\000u\000e}{section*.11}% 12
\BOOKMARK [1][-]{section*.13}{\376\377\000F\000o\000r\000e\000c\000a\000s\000t\000i\000n\000g\000\040\000a\000n\000d\000\040\000P\000r\000e\000d\000i\000c\000t\000i\000o\000n\000\040\000I\000n\000t\000e\000r\000v\000a\000l\000s}{}% 13
\BOOKMARK [1][-]{section*.14}{\376\377\000P\000o\000l\000y\000n\000o\000m\000i\000a\000l\000\040\000R\000e\000g\000r\000e\000s\000s\000i\000o\000n}{}% 14
\BOOKMARK [1][-]{section*.15}{\376\377\000L\000o\000g\000-\000l\000o\000g\000\040\000m\000o\000d\000e\000l}{}% 15
\BOOKMARK [1][-]{section*.16}{\376\377\000M\000L\000R\000\040\000m\000o\000d\000e\000l}{}% 16
\BOOKMARK [2][-]{section*.17}{\376\377\000I\000n\000f\000e\000r\000e\000n\000c\000e\000\040\000f\000o\000r\000\040\000c\000o\000e\000f\000f\000i\000c\000i\000e\000n\000t\000s}{section*.16}% 17
\BOOKMARK [2][-]{section*.18}{\376\377\000D\000u\000m\000m\000y\000/\000C\000a\000t\000e\000g\000o\000r\000i\000c\000a\000l\000\040\000v\000a\000r\000i\000a\000b\000l\000e\000s}{section*.16}% 18
\BOOKMARK [2][-]{section*.19}{\376\377\000V\000a\000r\000i\000a\000b\000l\000e\000\040\000I\000n\000t\000e\000r\000a\000c\000t\000i\000o\000n}{section*.16}% 19
\BOOKMARK [1][-]{section*.20}{\376\377\000F\000i\000t\000\040\000M\000e\000a\000s\000u\000r\000e\000\040\000\040\000R\0002\000\040\000\040}{}% 20
\BOOKMARK [1][-]{section*.21}{\376\377\000M\000u\000l\000t\000i\000c\000o\000l\000l\000i\000n\000e\000a\000r\000i\000t\000y}{}% 21
\BOOKMARK [1][-]{section*.22}{\376\377\000F\000-\000t\000e\000s\000t}{}% 22
\BOOKMARK [1][-]{section*.23}{\376\377\000N\000o\000n\000\040\000C\000o\000n\000s\000t\000a\000n\000t\000\040\000V\000a\000r\000i\000a\000n\000c\000e}{}% 23
\BOOKMARK [1][-]{section*.24}{\376\377\000C\000l\000u\000s\000t\000e\000r\000i\000n\000g}{}% 24
\BOOKMARK [1][-]{section*.25}{\376\377\000C\000a\000u\000s\000a\000l\000i\000t\000y}{}% 25
\BOOKMARK [2][-]{section*.26}{\376\377\000C\000a\000u\000s\000a\000l\000i\000t\000y\000\040\000w\000i\000t\000h\000o\000u\000t\000\040\000r\000a\000n\000d\000o\000m\000i\000z\000a\000t\000i\000o\000n}{section*.25}% 26
\BOOKMARK [1][-]{section*.27}{\376\377\000B\000i\000n\000a\000r\000y\000\040\000O\000u\000t\000c\000o\000m\000e\000s}{}% 27
\BOOKMARK [1][-]{section*.28}{\376\377\000L\000o\000g\000i\000s\000t\000i\000c\000\040\000R\000e\000g\000r\000e\000s\000s\000i\000o\000n}{}% 28
\BOOKMARK [1][-]{section*.29}{\376\377\000C\000l\000a\000s\000s\000i\000f\000i\000c\000a\000t\000i\000o\000n}{}% 29
\BOOKMARK [2][-]{section*.30}{\376\377\000C\000o\000n\000f\000u\000s\000i\000o\000n\000\040\000M\000a\000t\000r\000i\000x}{section*.29}% 30
\BOOKMARK [2][-]{section*.31}{\376\377\000R\000O\000C\000\040\000C\000u\000r\000v\000e}{section*.29}% 31
\BOOKMARK [2][-]{section*.32}{\376\377\000P\000r\000e\000c\000i\000s\000i\000o\000n\000-\000R\000e\000c\000a\000l\000l\000\040\000C\000u\000r\000v\000e}{section*.29}% 32
\BOOKMARK [1][-]{section*.33}{\376\377\000M\000o\000d\000e\000l\000\040\000B\000u\000i\000l\000d\000i\000n\000g}{}% 33
\BOOKMARK [2][-]{section*.34}{\376\377\000M\000o\000d\000e\000l\000\040\000S\000e\000l\000e\000c\000t\000i\000o\000n}{section*.33}% 34
\BOOKMARK [2][-]{section*.35}{\376\377\000s\000h\000o\000r\000t}{section*.33}% 35
\BOOKMARK [2][-]{section*.36}{\376\377\000P\000e\000n\000a\000l\000i\000z\000e\000d\000\040\000R\000e\000g\000r\000e\000s\000s\000i\000o\000n}{section*.33}% 36
\BOOKMARK [2][-]{section*.37}{\376\377\000T\000r\000e\000e\000s}{section*.33}% 37
\BOOKMARK [1][-]{section*.38}{\376\377\000T\000i\000m\000e\000\040\000S\000e\000r\000i\000e\000s\000\040\000A\000n\000a\000l\000y\000s\000i\000s}{}% 38
\BOOKMARK [2][-]{section*.39}{\376\377\000A\000R\000\050\000p\000\051\000\040\000M\000o\000d\000e\000l}{section*.38}% 39
\BOOKMARK [3][-]{section*.40}{\376\377\000T\000r\000e\000n\000d\000i\000n\000g\000\040\000S\000e\000r\000i\000e\000s}{section*.39}% 40
\BOOKMARK [3][-]{section*.41}{\376\377\000P\000e\000r\000i\000o\000d\000i\000c\000\040\000S\000e\000r\000i\000e\000s}{section*.39}% 41
